2021.09.22 16:26:45 INFO  es[][o.e.n.Node] version[7.12.1], pid[38], build[default/tar/3186837139b9c6b6d23c3200870651f10d3343b7/2021-04-20T20:56:39.040728659Z], OS[Linux/4.15.0-151-generic/amd64], JVM[AdoptOpenJDK/OpenJDK 64-Bit Server VM/11.0.11/11.0.11+9]
2021.09.22 16:26:45 INFO  es[][o.e.n.Node] JVM home [/opt/java/openjdk]
2021.09.22 16:26:45 INFO  es[][o.e.n.Node] JVM arguments [-XX:+UseConcMarkSweepGC, -XX:CMSInitiatingOccupancyFraction=75, -XX:+UseCMSInitiatingOccupancyOnly, -Djava.io.tmpdir=/opt/sonarqube/temp, -XX:ErrorFile=../logs/es_hs_err_pid%p.log, -Des.networkaddress.cache.ttl=60, -Des.networkaddress.cache.negative.ttl=10, -XX:+AlwaysPreTouch, -Xss1m, -Djava.awt.headless=true, -Dfile.encoding=UTF-8, -Djna.nosys=true, -XX:-OmitStackTraceInFastThrow, -Dio.netty.noUnsafe=true, -Dio.netty.noKeySetOptimization=true, -Dio.netty.recycler.maxCapacityPerThread=0, -Dio.netty.allocator.numDirectArenas=0, -Dlog4j.shutdownHookEnabled=false, -Dlog4j2.disable.jmx=true, -Djava.locale.providers=COMPAT, -Xmx512m, -Xms512m, -XX:MaxDirectMemorySize=256m, -XX:+HeapDumpOnOutOfMemoryError, -Des.path.home=/opt/sonarqube/elasticsearch, -Des.path.conf=/opt/sonarqube/temp/conf/es, -Des.distribution.flavor=default, -Des.distribution.type=tar, -Des.bundled_jdk=false]
2021.09.22 16:26:50 INFO  es[][o.e.p.PluginsService] loaded module [analysis-common]
2021.09.22 16:26:50 INFO  es[][o.e.p.PluginsService] loaded module [lang-painless]
2021.09.22 16:26:50 INFO  es[][o.e.p.PluginsService] loaded module [parent-join]
2021.09.22 16:26:50 INFO  es[][o.e.p.PluginsService] loaded module [percolator]
2021.09.22 16:26:50 INFO  es[][o.e.p.PluginsService] loaded module [transport-netty4]
2021.09.22 16:26:50 INFO  es[][o.e.p.PluginsService] no plugins loaded
2021.09.22 16:26:50 INFO  es[][o.e.e.NodeEnvironment] using [1] data paths, mounts [[/opt/sonarqube/data (vagrant)]], net usable_space [255.7gb], net total_space [273.8gb], types [vboxsf]
2021.09.22 16:26:50 INFO  es[][o.e.e.NodeEnvironment] heap size [495.3mb], compressed ordinary object pointers [true]
2021.09.22 16:26:51 INFO  es[][o.e.n.Node] node name [sonarqube], node ID [PGIo36NpR4a-mFGwow5e3A], cluster name [sonarqube], roles [master, remote_cluster_client, data, ingest]
2021.09.22 16:27:04 INFO  es[][o.e.t.NettyAllocator] creating NettyAllocator with the following configs: [name=unpooled, suggested_max_allocation_size=1mb, factors={es.unsafe.use_unpooled_allocator=null, g1gc_enabled=false, g1gc_region_size=0b, heap_size=495.3mb}]
2021.09.22 16:27:04 INFO  es[][o.e.d.DiscoveryModule] using discovery type [zen] and seed hosts providers [settings]
2021.09.22 16:27:07 INFO  es[][o.e.g.DanglingIndicesState] gateway.auto_import_dangling_indices is disabled, dangling indices will not be automatically detected or imported and must be managed manually
2021.09.22 16:27:07 INFO  es[][o.e.n.Node] initialized
2021.09.22 16:27:07 INFO  es[][o.e.n.Node] starting ...
2021.09.22 16:27:07 INFO  es[][o.e.t.TransportService] publish_address {127.0.0.1:33499}, bound_addresses {127.0.0.1:33499}
2021.09.22 16:27:08 WARN  es[][o.e.b.BootstrapChecks] max virtual memory areas vm.max_map_count [65530] is too low, increase to at least [262144]
2021.09.22 16:27:08 INFO  es[][o.e.c.c.Coordinator] setting initial configuration to VotingConfiguration{PGIo36NpR4a-mFGwow5e3A}
2021.09.22 16:27:09 INFO  es[][o.e.c.s.MasterService] elected-as-master ([1] nodes joined)[{sonarqube}{PGIo36NpR4a-mFGwow5e3A}{CdK_iqXnTaSXFdx79uWzKA}{127.0.0.1}{127.0.0.1:33499}{dimr}{rack_id=sonarqube} elect leader, _BECOME_MASTER_TASK_, _FINISH_ELECTION_], term: 1, version: 1, delta: master node changed {previous [], current [{sonarqube}{PGIo36NpR4a-mFGwow5e3A}{CdK_iqXnTaSXFdx79uWzKA}{127.0.0.1}{127.0.0.1:33499}{dimr}{rack_id=sonarqube}]}
2021.09.22 16:27:09 INFO  es[][o.e.c.c.CoordinationState] cluster UUID set to [C-JTikPEQleNR5rTCXrIwg]
2021.09.22 16:27:10 INFO  es[][o.e.c.s.ClusterApplierService] master node changed {previous [], current [{sonarqube}{PGIo36NpR4a-mFGwow5e3A}{CdK_iqXnTaSXFdx79uWzKA}{127.0.0.1}{127.0.0.1:33499}{dimr}{rack_id=sonarqube}]}, term: 1, version: 1, reason: Publication{term=1, version=1}
2021.09.22 16:27:10 INFO  es[][o.e.h.AbstractHttpServerTransport] publish_address {127.0.0.1:9001}, bound_addresses {127.0.0.1:9001}
2021.09.22 16:27:10 INFO  es[][o.e.n.Node] started
2021.09.22 16:27:10 INFO  es[][o.e.g.GatewayService] recovered [0] indices into cluster_state
2021.09.22 16:29:16 INFO  es[][o.e.c.m.MetadataCreateIndexService] [metadatas] creating index, cause [api], templates [], shards [1]/[0]
2021.09.22 16:29:18 INFO  es[][o.e.c.r.a.AllocationService] Cluster health status changed from [YELLOW] to [GREEN] (reason: [shards started [[metadatas][0]]]).
2021.09.22 16:29:19 INFO  es[][o.e.c.m.MetadataMappingService] [metadatas/qdx0m6STS6CDWf8jKRTTWg] create_mapping [metadata]
2021.09.22 16:29:21 INFO  es[][o.e.c.m.MetadataCreateIndexService] [components] creating index, cause [api], templates [], shards [5]/[0]
2021.09.22 16:29:24 INFO  es[][o.e.c.r.a.AllocationService] Cluster health status changed from [YELLOW] to [GREEN] (reason: [shards started [[components][4]]]).
2021.09.22 16:29:24 INFO  es[][o.e.c.m.MetadataMappingService] [components/fGPrSyTqSdu9jyU43Z_myQ] create_mapping [auth]
2021.09.22 16:29:26 INFO  es[][o.e.c.m.MetadataCreateIndexService] [projectmeasures] creating index, cause [api], templates [], shards [5]/[0]
2021.09.22 16:29:28 INFO  es[][o.e.c.r.a.AllocationService] Cluster health status changed from [YELLOW] to [GREEN] (reason: [shards started [[projectmeasures][4]]]).
2021.09.22 16:29:29 INFO  es[][o.e.c.m.MetadataMappingService] [projectmeasures/WTvj59ukRc2pM5E7P0K81g] create_mapping [auth]
2021.09.22 16:29:30 INFO  es[][o.e.c.m.MetadataCreateIndexService] [rules] creating index, cause [api], templates [], shards [2]/[0]
2021.09.22 16:29:31 INFO  es[][o.e.c.r.a.AllocationService] Cluster health status changed from [YELLOW] to [GREEN] (reason: [shards started [[rules][0]]]).
2021.09.22 16:29:32 INFO  es[][o.e.c.m.MetadataMappingService] [rules/dyGyCFHQRLaxJkWyc6q9pw] create_mapping [rule]
2021.09.22 16:29:33 INFO  es[][o.e.c.m.MetadataCreateIndexService] [issues] creating index, cause [api], templates [], shards [5]/[0]
2021.09.22 16:29:36 INFO  es[][o.e.c.r.a.AllocationService] Cluster health status changed from [YELLOW] to [GREEN] (reason: [shards started [[issues][4]]]).
2021.09.22 16:29:37 INFO  es[][o.e.c.m.MetadataMappingService] [issues/CuGg42HcSoCNyW7jErySYw] create_mapping [auth]
2021.09.22 16:29:38 INFO  es[][o.e.c.m.MetadataCreateIndexService] [users] creating index, cause [api], templates [], shards [1]/[0]
2021.09.22 16:29:38 INFO  es[][o.e.c.r.a.AllocationService] Cluster health status changed from [YELLOW] to [GREEN] (reason: [shards started [[users][0]]]).
2021.09.22 16:29:39 INFO  es[][o.e.c.m.MetadataMappingService] [users/O7XaESwtSOSHRk0ZZukTHQ] create_mapping [user]
2021.09.22 16:29:40 INFO  es[][o.e.c.m.MetadataCreateIndexService] [views] creating index, cause [api], templates [], shards [5]/[0]
2021.09.22 16:29:43 INFO  es[][o.e.c.r.a.AllocationService] Cluster health status changed from [YELLOW] to [GREEN] (reason: [shards started [[views][4]]]).
2021.09.22 16:29:43 INFO  es[][o.e.c.m.MetadataMappingService] [views/0u2V0wCbQCypXzl0_Ju8wQ] create_mapping [view]
2021.09.22 16:31:29 INFO  es[][o.e.c.s.IndexScopedSettings] updating [index.refresh_interval] from [30s] to [-1]
2021.09.22 16:31:29 INFO  es[][o.e.c.s.IndexScopedSettings] updating [index.refresh_interval] from [30s] to [-1]
2021.09.22 16:31:30 INFO  es[][o.e.c.s.IndexScopedSettings] updating [index.refresh_interval] from [-1] to [30s]
2021.09.22 16:31:30 INFO  es[][o.e.c.s.IndexScopedSettings] updating [index.refresh_interval] from [-1] to [30s]
2021.09.22 16:31:32 INFO  es[][o.e.c.s.IndexScopedSettings] updating [index.refresh_interval] from [30s] to [-1]
2021.09.22 16:31:32 INFO  es[][o.e.c.s.IndexScopedSettings] updating [index.refresh_interval] from [30s] to [-1]
2021.09.22 16:31:32 INFO  es[][o.e.c.s.IndexScopedSettings] updating [index.refresh_interval] from [-1] to [30s]
2021.09.22 16:31:32 INFO  es[][o.e.c.s.IndexScopedSettings] updating [index.refresh_interval] from [-1] to [30s]
